[0mGET /api/verify [33m401[0m 12.531 ms - 12[0m
[0mGET /api/verify [33m401[0m 2.823 ms - 12[0m
[0mPOST /api/login [32m200[0m 229.292 ms - 148[0m
[0mGET /api/areas [36m304[0m 21.261 ms - -[0m
[0mGET /api/grupos [32m200[0m 14.125 ms - 2[0m
[0mGET /api/areas [36m304[0m 36.988 ms - -[0m
[0mGET /api/tiposdoc [32m200[0m 16.303 ms - 2[0m
[0mGET /api/grupos [32m200[0m 51.474 ms - 1628[0m
[0mGET /api/tiposdoc [32m200[0m 13.606 ms - 6476[0m
[0mGET /api/areas [36m304[0m 11.944 ms - -[0m
[0mGET /api/grupos [36m304[0m 8.444 ms - -[0m
[0mGET /api/tiposdoc [36m304[0m 16.244 ms - -[0m
[0mGET /api/areas [36m304[0m 8.551 ms - -[0m
[0mGET /api/grupos [36m304[0m 11.243 ms - -[0m
[0mGET /api/tiposdoc [36m304[0m 14.749 ms - -[0m
[0mGET /api/users [36m304[0m 26.825 ms - -[0m
[0mGET /api/users [36m304[0m 24.025 ms - -[0m
[0mGET /api/areas [36m304[0m 9.984 ms - -[0m
[0mGET /api/grupos [32m200[0m 15.575 ms - 2[0m
[0mGET /api/areas [36m304[0m 29.055 ms - -[0m
[0mGET /api/tiposdoc [32m200[0m 12.119 ms - 2[0m
[0mGET /api/grupos [32m200[0m 34.591 ms - 1628[0m
[0mGET /api/tiposdoc [32m200[0m 21.832 ms - 6476[0m
