[0mGET /api/verify [32m200[0m 6.420 ms - 5[0m
[0mGET /api/verify [32m200[0m 1.222 ms - 5[0m
[0mGET / [36m304[0m 7.354 ms - -[0m
[0mPOST /api/login [32m200[0m 293.292 ms - 148[0m
[0mGET / [32m200[0m 6.705 ms - 28[0m
[0mGET / [32m200[0m 5.725 ms - 28[0m
[0mPOST /api/login [33m400[0m 48.051 ms - 35[0m
[0mGET / [36m304[0m 6.387 ms - -[0m
[0mPOST /api/login [33m400[0m 226.182 ms - 33[0m
[0mPOST /api/login [33m400[0m 42.433 ms - 35[0m
[0mPOST /api/login [32m200[0m 306.407 ms - 148[0m
[0mGET /api/areas [32m200[0m 17.520 ms - 262[0m
[0mGET /api/grupos [32m200[0m 12.027 ms - 1621[0m
[0mGET /api/tiposdoc [32m200[0m 15.495 ms - 7001[0m
[0mPOST /api/login [33m400[0m 45.310 ms - 35[0m
[0mPOST /api/login [32m200[0m 225.663 ms - 148[0m
[0mGET /api/areas [36m304[0m 120.959 ms - -[0m
[0mGET /api/grupos [36m304[0m 24.920 ms - -[0m
[0mGET /api/tiposdoc [36m304[0m 13.866 ms - -[0m
[0mGET / [36m304[0m 6.566 ms - -[0m
[0mPOST /api/login [32m200[0m 355.406 ms - 148[0m
[0mGET /api/areas [36m304[0m 15.220 ms - -[0m
[0mGET /api/grupos [36m304[0m 43.038 ms - -[0m
[0mGET /api/tiposdoc [36m304[0m 19.163 ms - -[0m
[0mPOST /api/login [33m400[0m 39.975 ms - 35[0m
[0mPOST /api/login [32m200[0m 312.848 ms - 148[0m
[0mGET /api/areas [36m304[0m 10.717 ms - -[0m
[0mGET /api/grupos [36m304[0m 8.620 ms - -[0m
[0mGET /api/tiposdoc [36m304[0m 18.736 ms - -[0m
[0mPOST /api/login [33m400[0m 41.279 ms - 35[0m
[0mPOST /api/login [32m200[0m 251.741 ms - 148[0m
[0mGET /api/areas [36m304[0m 15.556 ms - -[0m
[0mGET /api/grupos [36m304[0m 14.520 ms - -[0m
[0mGET /api/tiposdoc [36m304[0m 19.441 ms - -[0m
[0mPOST /api/upload [31m500[0m 266.036 ms - 28[0m
[0mPOST /api/login [33m400[0m 56.973 ms - 35[0m
[0mPOST /api/login [32m200[0m 189.613 ms - 148[0m
[0mGET /api/areas [36m304[0m 11.029 ms - -[0m
[0mGET /api/grupos [36m304[0m 8.742 ms - -[0m
[0mGET /api/tiposdoc [36m304[0m 41.106 ms - -[0m
[0mPOST /api/upload [31m500[0m 43.852 ms - 28[0m
[0mPOST /api/login [32m200[0m 155.233 ms - 148[0m
[0mGET /api/areas [36m304[0m 7.848 ms - -[0m
[0mGET /api/grupos [36m304[0m 5.991 ms - -[0m
[0mGET /api/tiposdoc [36m304[0m 11.186 ms - -[0m
[0mPOST /api/upload [31m500[0m 9.240 ms - 28[0m
[0mPOST /api/upload [31m500[0m 10.136 ms - 28[0m
[0mPOST /api/upload [31m500[0m 18.021 ms - 28[0m
[0mPOST /api/upload [31m500[0m 180.485 ms - 28[0m
[0mPOST /api/login [33m400[0m 89.842 ms - 35[0m
[0mPOST /api/login [32m200[0m 351.584 ms - 148[0m
[0mGET /api/areas [36m304[0m 17.218 ms - -[0m
[0mGET /api/grupos [36m304[0m 12.699 ms - -[0m
[0mGET /api/tiposdoc [36m304[0m 54.872 ms - -[0m
[0mPOST /api/upload [31m500[0m 51.540 ms - 28[0m
[0mPOST /api/login [33m400[0m 134.470 ms - 35[0m
[0mPOST /api/login [32m200[0m 243.262 ms - 148[0m
[0mGET /api/areas [36m304[0m 116.170 ms - -[0m
[0mGET /api/grupos [36m304[0m 27.545 ms - -[0m
[0mGET /api/tiposdoc [36m304[0m 52.606 ms - -[0m
[0mPOST /api/upload [31m500[0m 61.073 ms - 28[0m
[0mPOST /api/login [33m400[0m 50.552 ms - 35[0m
[0mPOST /api/login [32m200[0m 314.937 ms - 148[0m
[0mGET /api/areas [36m304[0m 14.450 ms - -[0m
[0mGET /api/grupos [36m304[0m 18.715 ms - -[0m
[0mGET /api/tiposdoc [36m304[0m 17.117 ms - -[0m
[0mPOST /api/upload [31m500[0m 32.855 ms - 28[0m
[0mPOST /api/login [33m400[0m 114.237 ms - 35[0m
[0mPOST /api/login [32m200[0m 194.510 ms - 148[0m
[0mGET /api/areas [36m304[0m 10.546 ms - -[0m
[0mGET /api/grupos [36m304[0m 18.685 ms - -[0m
[0mGET /api/tiposdoc [36m304[0m 117.382 ms - -[0m
[0mPOST /api/upload [32m200[0m 39.359 ms - 40[0m
[0mPOST /api/procesing [32m200[0m 126.381 ms - 596[0m
[0mPOST /api/login [33m400[0m 70.479 ms - 35[0m
[0mPOST /api/login [33m400[0m 178.121 ms - 33[0m
[0mPOST /api/login [33m400[0m 152.486 ms - 33[0m
[0mPOST /api/login [33m400[0m 151.796 ms - 33[0m
[0mGET /api/verify [32m200[0m 15.307 ms - 99[0m
